2026-04-18 13:14:57,893 - app.scraper.downloader - ERROR - Google Drive authentication failed: ('invalid_grant: Token has been expired or revoked.', {'error': 'invalid_grant', 'error_description': 'Token has been expired or revoked.'})
2026-04-18 13:15:59,195 - app.scraper.downloader - ERROR - Google Drive authentication failed: ('invalid_grant: Token has been expired or revoked.', {'error': 'invalid_grant', 'error_description': 'Token has been expired or revoked.'})
2026-04-18 13:16:10,117 - app.scraper.downloader - ERROR - Google Drive authentication failed: ('invalid_grant: Token has been expired or revoked.', {'error': 'invalid_grant', 'error_description': 'Token has been expired or revoked.'})
2026-04-18 13:32:50,228 - app.services.scraper_service - INFO - Starting RBI Scraper Sync...
2026-04-18 13:32:50,233 - app.scraper.rbi_scraper - INFO - Establishing session cookies...
2026-04-18 13:32:52,185 - app.scraper.rbi_scraper - INFO - Homepage status: 200
2026-04-18 13:32:53,374 - app.scraper.rbi_scraper - INFO - Fetching index for 2025-01
2026-04-18 13:32:57,836 - app.services.scraper_service - INFO - Saved to DB and Storage: RBI_2024-2025_108EFD.CO.No.1_02.08.001_2024-25
2026-04-18 13:32:59,101 - app.services.scraper_service - INFO - Saved to DB and Storage: RBI_2024-2025_107DOR.FIN.REC.No.58_03.10.136_2024-25
2026-04-18 13:33:00,672 - app.services.scraper_service - INFO - Saved to DB and Storage: RBI_2024-2025_106DoR.SIG.FIN.REC.56_26.03.001_2024-25
2026-04-18 13:33:02,936 - app.services.scraper_service - INFO - Saved to DB and Storage: RBI_2024-2025_105CEPD.CO.OBD.No.S1270_50-01-001_2024-25
2026-04-18 13:33:05,054 - app.services.scraper_service - INFO - Saved to DB and Storage: RBI_2024-2025_104Ref.No.DoS.CO.PPG_SEC.13_11.01.005_2024-25
2026-04-18 13:33:06,914 - app.services.scraper_service - INFO - Saved to DB and Storage: RBI_2024-2025_103CO.DGBA.GBD.No.S770_42-01-029_2024-2025
2026-04-18 13:33:37,557 - app.scraper.rbi_scraper - ERROR - Error downloading PDF from https://www.rbi.org.in/Scripts/BS_CircularIndexDisplay.aspx?Id=12762: Failed to perform, curl: (28) Operation timed out after 30001 milliseconds with 70753 bytes received. See https://curl.se/libcurl/c/libcurl-errors.html first for more details.
2026-04-18 13:33:37,557 - app.services.scraper_service - WARNING - Failed to download PDF: RBI_2024-2025_102FIDD.CO.LBS.BC.No.11_02.08.001_2024-25
2026-04-18 13:33:40,492 - app.services.scraper_service - INFO - Saved to DB and Storage: RBI_2024-2025_101FMRD.DIRD.No.09_14.03.004_2024-25
2026-04-18 13:33:40,492 - app.scraper.rbi_scraper - INFO - Fetching index for 2025-02
2026-04-18 13:33:43,671 - app.services.scraper_service - INFO - Saved to DB and Storage: RBI_2024-2025_122CO.DGBA.GBD.No.S954_42-01-029_2024-2025
2026-04-18 13:33:45,114 - app.services.scraper_service - INFO - Saved to DB and Storage: RBI_2024-2025_121DOR.AML.REC.64_14.06.001_2024-25
2026-04-18 13:33:46,423 - app.services.scraper_service - INFO - Saved to DB and Storage: RBI_2024-2025_120DOR.STR.REC.61_21.06.001_2024-25
2026-04-18 13:33:48,426 - app.services.scraper_service - INFO - Saved to DB and Storage: RBI_2024-2025_119DOR.CRE.REC.63_21.06.001_2024-25
2026-04-18 13:33:56,306 - app.services.scraper_service - INFO - Saved to DB and Storage: RBI_2024-2025_118DOR.CRE.REC.62_07.10.002_2024-25
2026-04-18 13:33:59,391 - app.services.scraper_service - INFO - Saved to DB and Storage: RBI_2024-2025_117FMRD.DIRD.16_14.03.042_2024-25
2026-04-18 13:34:06,604 - app.services.scraper_service - INFO - Saved to DB and Storage: RBI_2024-2025_116DOR.MRG.REC.60_00-00-017_2024-25
2026-04-18 13:34:10,249 - app.services.scraper_service - INFO - Saved to DB and Storage: RBI_2024-2025_115FMRD.MIOD.No.15_11.01.051_2024-25
2026-04-18 13:34:13,342 - app.services.scraper_service - INFO - Saved to DB and Storage: RBI__2024-2025_114A.P. (DIR Series) Circular No. 21
2026-04-18 13:34:16,538 - app.services.scraper_service - INFO - Saved to DB and Storage: RBI__2024-2025_113A.P. (DIR Series) Circular No. 20
2026-04-18 13:34:22,415 - app.services.scraper_service - INFO - Saved to DB and Storage: RBI_2024-2025_112DOR.CO.SOG(Leg) No.59_09.08.024_2024-25
2026-04-18 13:34:28,129 - app.services.scraper_service - INFO - Saved to DB and Storage: RBI_2024-2025_111DoR.RET.REC.57_12.01.001_2024-25
2026-04-18 13:34:32,569 - app.services.scraper_service - INFO - Saved to DB and Storage: RBI_2024-2025_110REF.No.MPD.BC.398_07.01.279_2024-25
2026-04-18 13:34:55,001 - app.services.scraper_service - INFO - Saved to DB and Storage: RBI_2024-2025_109FMOD.MAOG.No.150_01.01.001_2024-25
2026-04-18 13:34:55,001 - app.scraper.rbi_scraper - INFO - Fetching index for 2025-03
2026-04-18 13:34:59,258 - app.services.scraper_service - INFO - Saved to DB and Storage: RBI_DOR_2024-2025_135DOR.STR.REC.72_21.04.048_2024-25
2026-04-18 13:35:01,601 - app.services.scraper_service - INFO - Saved to DB and Storage: RBI_2024-2025_134CO.DPSS.RPPD.No.S1278_03-01-002_2024-2025
2026-04-18 13:35:03,168 - app.services.scraper_service - INFO - Saved to DB and Storage: RBI_2024-2025_133Ref.No.IDMD.2320_08.01.01_2024-25
2026-04-18 13:35:07,623 - app.services.scraper_service - INFO - Saved to DB and Storage: RBI_2024-2025_132DoR.AUT.REC.71_23.67.001_2024-25
2026-04-18 13:35:11,467 - app.services.scraper_service - INFO - Saved to DB and Storage: RBI_2024-2025_131FIDD.CO.PSD.BC.No.12_04.09.001_2024-25
2026-04-18 13:35:42,088 - app.scraper.rbi_scraper - ERROR - Error downloading PDF from https://www.rbi.org.in/Scripts/BS_CircularIndexDisplay.aspx?Id=12797: Failed to perform, curl: (28) Operation timed out after 30000 milliseconds with 88198 bytes received. See https://curl.se/libcurl/c/libcurl-errors.html first for more details.
2026-04-18 13:35:42,089 - app.services.scraper_service - WARNING - Failed to download PDF: RBI_2024-2025_130DOR.CRE.REC.69_07.10.002_2024-25
2026-04-18 13:35:47,057 - app.services.scraper_service - INFO - Saved to DB and Storage: RBI_2024-2025_129DCM (CC) No.S3811_03.51.001_2024-25
2026-04-18 13:35:51,103 - app.services.scraper_service - INFO - Saved to DB and Storage: RBI_2024-2025_128DOR.CAP.REC.No.68_21.01.002_2024-25
2026-04-18 13:35:54,302 - app.services.scraper_service - INFO - Saved to DB and Storage: RBI_2024-2025_127DOR.ACC.REC.No.67_21.04.018_2024-25
2026-04-18 13:35:57,183 - app.services.scraper_service - INFO - Saved to DB and Storage: RBI_2024-2025_126DOR.ACC.REC.No.66_21.04.018_2024-25
2026-04-18 13:35:58,820 - app.services.scraper_service - INFO - Saved to DB and Storage: RBI_2024-2025_125A.P. (DIR Series) Circular No. 22
2026-04-18 13:36:01,384 - app.services.scraper_service - INFO - Saved to DB and Storage: RBI_2024-2025_124CO.DGBA.GBD.No.S1003_42-01-029_2024-2025
2026-04-18 13:36:04,432 - app.services.scraper_service - INFO - Saved to DB and Storage: RBI_2024-2025_123DOR. AML.REC.65_14.06.001_2024-25
2026-04-18 13:36:04,432 - app.scraper.rbi_scraper - INFO - Fetching index for 2025-04
2026-04-18 13:36:08,119 - app.services.scraper_service - INFO - Saved to DB and Storage: RBI_2025-2026_34DIT.CO.No.S-106_07.71.039_2025-26
2026-04-18 13:36:11,228 - app.services.scraper_service - INFO - Starting RBI Scraper Sync...
2026-04-18 13:36:11,229 - app.scraper.rbi_scraper - INFO - Establishing session cookies...
2026-04-18 13:36:11,630 - app.services.scraper_service - INFO - Saved to DB and Storage: RBI_FED_2025-2026_33DCM.RMMT.No.S312_20-02-001_2025-2026
2026-04-18 13:36:13,267 - app.scraper.rbi_scraper - INFO - Homepage status: 200
2026-04-18 13:36:13,754 - app.services.scraper_service - INFO - Saved to DB and Storage: RBI_FED_2025-2026_32A.P. (DIR Series) Circular No 04
2026-04-18 13:36:16,038 - app.services.scraper_service - INFO - Saved to DB and Storage: RBI_2025-2026_31DCM (NPD) No.S287_18.00.014_2025-26
2026-04-18 13:36:16,053 - app.scraper.rbi_scraper - INFO - Fetching index for 2025-01
2026-04-18 13:36:17,039 - app.services.scraper_service - INFO - Skipping (already in DB): RBI_2024-2025_108EFD.CO.No.1_02.08.001_2024-25
2026-04-18 13:36:17,039 - app.services.scraper_service - INFO - Skipping (already in DB): RBI_2024-2025_107DOR.FIN.REC.No.58_03.10.136_2024-25
2026-04-18 13:36:17,040 - app.services.scraper_service - INFO - Skipping (already in DB): RBI_2024-2025_106DoR.SIG.FIN.REC.56_26.03.001_2024-25
2026-04-18 13:36:17,040 - app.services.scraper_service - INFO - Skipping (already in DB): RBI_2024-2025_105CEPD.CO.OBD.No.S1270_50-01-001_2024-25
2026-04-18 13:36:17,040 - app.services.scraper_service - INFO - Skipping (already in DB): RBI_2024-2025_104Ref.No.DoS.CO.PPG_SEC.13_11.01.005_2024-25
2026-04-18 13:36:17,041 - app.services.scraper_service - INFO - Skipping (already in DB): RBI_2024-2025_103CO.DGBA.GBD.No.S770_42-01-029_2024-2025
2026-04-18 13:36:20,567 - app.services.scraper_service - INFO - Saved to DB and Storage: RBI_2025-2026_30A.P. (DIR Series) Circular No. 03
2026-04-18 13:36:20,753 - app.services.scraper_service - INFO - Saved to DB and Storage: RBI_2024-2025_102FIDD.CO.LBS.BC.No.11_02.08.001_2024-25
2026-04-18 13:36:20,754 - app.services.scraper_service - INFO - Skipping (already in DB): RBI_2024-2025_101FMRD.DIRD.No.09_14.03.004_2024-25
2026-04-18 13:36:20,754 - app.scraper.rbi_scraper - INFO - Fetching index for 2025-02
2026-04-18 13:36:21,313 - app.services.scraper_service - INFO - Skipping (already in DB): RBI_2024-2025_122CO.DGBA.GBD.No.S954_42-01-029_2024-2025
2026-04-18 13:36:21,313 - app.services.scraper_service - INFO - Skipping (already in DB): RBI_2024-2025_121DOR.AML.REC.64_14.06.001_2024-25
2026-04-18 13:36:21,313 - app.services.scraper_service - INFO - Skipping (already in DB): RBI_2024-2025_120DOR.STR.REC.61_21.06.001_2024-25
2026-04-18 13:36:21,313 - app.services.scraper_service - INFO - Skipping (already in DB): RBI_2024-2025_119DOR.CRE.REC.63_21.06.001_2024-25
2026-04-18 13:36:21,314 - app.services.scraper_service - INFO - Skipping (already in DB): RBI_2024-2025_118DOR.CRE.REC.62_07.10.002_2024-25
2026-04-18 13:36:21,314 - app.services.scraper_service - INFO - Skipping (already in DB): RBI_2024-2025_117FMRD.DIRD.16_14.03.042_2024-25
2026-04-18 13:36:21,314 - app.services.scraper_service - INFO - Skipping (already in DB): RBI_2024-2025_116DOR.MRG.REC.60_00-00-017_2024-25
2026-04-18 13:36:21,314 - app.services.scraper_service - INFO - Skipping (already in DB): RBI_2024-2025_115FMRD.MIOD.No.15_11.01.051_2024-25
2026-04-18 13:36:21,315 - app.services.scraper_service - INFO - Skipping (already in DB): RBI__2024-2025_114A.P. (DIR Series) Circular No. 21
2026-04-18 13:36:21,315 - app.services.scraper_service - INFO - Skipping (already in DB): RBI__2024-2025_113A.P. (DIR Series) Circular No. 20
2026-04-18 13:36:21,315 - app.services.scraper_service - INFO - Skipping (already in DB): RBI_2024-2025_112DOR.CO.SOG(Leg) No.59_09.08.024_2024-25
2026-04-18 13:36:21,315 - app.services.scraper_service - INFO - Skipping (already in DB): RBI_2024-2025_111DoR.RET.REC.57_12.01.001_2024-25
2026-04-18 13:36:21,315 - app.services.scraper_service - INFO - Skipping (already in DB): RBI_2024-2025_110REF.No.MPD.BC.398_07.01.279_2024-25
2026-04-18 13:36:21,316 - app.services.scraper_service - INFO - Skipping (already in DB): RBI_2024-2025_109FMOD.MAOG.No.150_01.01.001_2024-25
2026-04-18 13:36:21,316 - app.scraper.rbi_scraper - INFO - Fetching index for 2025-03
2026-04-18 13:36:21,911 - app.services.scraper_service - INFO - Skipping (already in DB): RBI_DOR_2024-2025_135DOR.STR.REC.72_21.04.048_2024-25
2026-04-18 13:36:21,911 - app.services.scraper_service - INFO - Skipping (already in DB): RBI_2024-2025_134CO.DPSS.RPPD.No.S1278_03-01-002_2024-2025
2026-04-18 13:36:21,912 - app.services.scraper_service - INFO - Skipping (already in DB): RBI_2024-2025_133Ref.No.IDMD.2320_08.01.01_2024-25
2026-04-18 13:36:21,912 - app.services.scraper_service - INFO - Skipping (already in DB): RBI_2024-2025_132DoR.AUT.REC.71_23.67.001_2024-25
2026-04-18 13:36:21,913 - app.services.scraper_service - INFO - Skipping (already in DB): RBI_2024-2025_131FIDD.CO.PSD.BC.No.12_04.09.001_2024-25
2026-04-18 13:36:23,383 - app.services.scraper_service - INFO - Saved to DB and Storage: RBI_FED_2025-2026_29A.P. (DIR Series) Circular No. 02
2026-04-18 13:36:23,977 - app.services.scraper_service - INFO - Saved to DB and Storage: RBI_2024-2025_130DOR.CRE.REC.69_07.10.002_2024-25
2026-04-18 13:36:23,978 - app.services.scraper_service - INFO - Skipping (already in DB): RBI_2024-2025_129DCM (CC) No.S3811_03.51.001_2024-25
2026-04-18 13:36:23,979 - app.services.scraper_service - INFO - Skipping (already in DB): RBI_2024-2025_128DOR.CAP.REC.No.68_21.01.002_2024-25
2026-04-18 13:36:23,980 - app.services.scraper_service - INFO - Skipping (already in DB): RBI_2024-2025_127DOR.ACC.REC.No.67_21.04.018_2024-25
2026-04-18 13:36:23,981 - app.services.scraper_service - INFO - Skipping (already in DB): RBI_2024-2025_126DOR.ACC.REC.No.66_21.04.018_2024-25
2026-04-18 13:36:23,981 - app.services.scraper_service - INFO - Skipping (already in DB): RBI_2024-2025_125A.P. (DIR Series) Circular No. 22
2026-04-18 13:36:23,982 - app.services.scraper_service - INFO - Skipping (already in DB): RBI_2024-2025_124CO.DGBA.GBD.No.S1003_42-01-029_2024-2025
2026-04-18 13:36:23,983 - app.services.scraper_service - INFO - Skipping (already in DB): RBI_2024-2025_123DOR. AML.REC.65_14.06.001_2024-25
2026-04-18 13:36:23,983 - app.scraper.rbi_scraper - INFO - Fetching index for 2025-04
2026-04-18 13:36:24,489 - app.services.scraper_service - INFO - Skipping (already in DB): RBI_2025-2026_34DIT.CO.No.S-106_07.71.039_2025-26
2026-04-18 13:36:24,490 - app.services.scraper_service - INFO - Skipping (already in DB): RBI_FED_2025-2026_33DCM.RMMT.No.S312_20-02-001_2025-2026
2026-04-18 13:36:24,490 - app.services.scraper_service - INFO - Skipping (already in DB): RBI_FED_2025-2026_32A.P. (DIR Series) Circular No 04
2026-04-18 13:36:24,491 - app.services.scraper_service - INFO - Skipping (already in DB): RBI_2025-2026_31DCM (NPD) No.S287_18.00.014_2025-26
2026-04-18 13:36:24,491 - app.services.scraper_service - INFO - Skipping (already in DB): RBI_2025-2026_30A.P. (DIR Series) Circular No. 03
2026-04-18 13:36:24,492 - app.services.scraper_service - INFO - Skipping (already in DB): RBI_FED_2025-2026_29A.P. (DIR Series) Circular No. 02
2026-04-18 13:36:25,569 - app.services.scraper_service - INFO - Saved to DB and Storage: RBI_2025-2026_28CO.DIT.DCD.No.S81_01-71-110_2025-26
2026-04-18 13:36:29,719 - app.services.scraper_service - INFO - Saved to DB and Storage: RBI_2025-2026_27DOR.LRG.REC.18_03.10.001_2025-26
2026-04-18 13:36:31,890 - app.services.scraper_service - INFO - Saved to DB and Storage: RBI_2025-2026_26DOR.MCS.REC.17_01.01.003_2025-26
2026-04-18 13:36:35,078 - app.services.scraper_service - INFO - Saved to DB and Storage: RBI_2025-2026_25FIDD.CO.LBS.BC.No.05_02.08.001_2025-26
2026-04-18 13:36:39,021 - app.services.scraper_service - INFO - Saved to DB and Storage: RBI_2025-2026_24REF.No.MPD.BC.399_07.01.279_2025-26
2026-04-18 13:36:41,907 - app.services.scraper_service - INFO - Saved to DB and Storage: RBI_2025-2026_23DoR.RET.REC.16_12.01.001_2025-26
2026-04-18 13:36:44,936 - app.services.scraper_service - INFO - Saved to DB and Storage: RBI_2025-2026_22FMOD.MAOG.No.151_01.01.001_2025-26
2026-04-18 13:36:48,890 - app.services.scraper_service - INFO - Saved to DB and Storage: RBI_2025-2026_21DOR.CO.SOG(Leg) No.15_09.08.024_2025-26
2026-04-18 13:36:52,928 - app.services.scraper_service - INFO - Saved to DB and Storage: RBI_2025-2026_20A.P. (DIR Series) Circular No. 01
2026-04-18 13:37:08,324 - app.services.scraper_service - INFO - Saved to DB and Storage: RBI_2025-2026_19DoR.CRE.REC.14_07.10.002_2025-26
2026-04-18 13:37:19,844 - app.services.scraper_service - INFO - Saved to DB and Storage: RBI_2025-2026_18DOR.CRE.REC.No.13_07.10.002_2025-26
2026-04-18 13:37:39,166 - app.services.scraper_service - INFO - Saved to DB and Storage: RBI_2025-2026_17DOR.CRE.REC.No.11_07.10.002_2025-26
2026-04-18 13:37:46,055 - app.services.scraper_service - INFO - Saved to DB and Storage: RBI_2025-2026_16DOR.CRE.REC.No.12_08.12.001_2025-26
2026-04-18 13:37:51,396 - app.services.scraper_service - INFO - Saved to DB and Storage: RBI_2025-2026_15DOR.CRE.REC.No.05_21.04.172_2025-26
2026-04-18 13:37:59,803 - app.services.scraper_service - INFO - Saved to DB and Storage: RBI_2025-2026_14DOR.STR.REC.10_21.04.048_2025-26
2026-04-18 13:38:09,492 - app.services.scraper_service - INFO - Saved to DB and Storage: RBI_2025-2026_13DOR.STR.REC.9_21.04.048_2025-26
2026-04-18 13:38:15,981 - app.services.scraper_service - INFO - Saved to DB and Storage: RBI_2025-2026_12DOR.STR.REC.06_13.07.010_2025-26
2026-04-18 13:38:19,900 - app.services.scraper_service - INFO - Saved to DB and Storage: RBI_2025-2026_11DoR.STR.REC 07_09.27.000_2025-26
2026-04-18 13:38:24,137 - app.services.scraper_service - INFO - Saved to DB and Storage: RBI_2025-2026_10DOR.MRG.No.4_21.04.141_2025-26
2026-04-18 13:38:28,689 - app.services.scraper_service - INFO - Saved to DB and Storage: RBI_2025-2026_09DOR.CAP.REC.03_09.18.201_2025-26
2026-04-18 13:38:59,102 - app.scraper.rbi_scraper - ERROR - Error downloading PDF from https://www.rbi.org.in/Scripts/BS_CircularIndexDisplay.aspx?Id=12815: Failed to perform, curl: (28) Operation timed out after 30000 milliseconds with 4628783 bytes received. See https://curl.se/libcurl/c/libcurl-errors.html first for more details.
2026-04-18 13:38:59,102 - app.services.scraper_service - WARNING - Failed to download PDF: RBI_2025-2026_08DOR.CAP.REC.2_21.06.201_2025-26
2026-04-18 13:39:04,977 - app.services.scraper_service - INFO - Saved to DB and Storage: RBI_2025-2026_07DoR.HGG.GOV.No.1_18.10.010_2025-26
2026-04-18 13:39:06,835 - app.services.scraper_service - INFO - Saved to DB and Storage: RBI_2025-2026_06CO.DGBA.GBD.No.S2_31-12-010_2025-2026
2026-04-18 13:39:08,656 - app.services.scraper_service - INFO - Saved to DB and Storage: RBI_2025-2026_05CO.DGBA.GBD.No.S1_31.02.007_2025-26
2026-04-18 13:39:12,233 - app.services.scraper_service - INFO - Saved to DB and Storage: RBI_2025-2026_04FIDD.CO.LBS.BC.No.03_02.01.001_2025-26
2026-04-18 13:39:15,011 - app.services.scraper_service - INFO - Saved to DB and Storage: RBI_2025-26_134DOR.SOG(SPE).REC. 8_13.03.00_2025-26
2026-04-18 13:39:17,097 - app.services.scraper_service - INFO - Saved to DB and Storage: RBI_2025-2026_03FIDD.CO.GSSD.BC.No.02_09.09.001_2025-26
2026-04-18 13:39:21,383 - app.services.scraper_service - INFO - Saved to DB and Storage: RBI_2025-2026_02FIDD.GSSD.CO.BC.No.01_09.01.003_2025-26
2026-04-18 13:39:23,609 - app.services.scraper_service - INFO - Saved to DB and Storage: RBI_2025-2026_01FIDD.CO.FID.BC.No.4_12.01.033_2025-26
2026-04-18 13:39:23,610 - app.scraper.rbi_scraper - INFO - Fetching index for 2025-05
2026-04-18 13:39:27,046 - app.services.scraper_service - INFO - Saved to DB and Storage: RBI_2025-2026_41DoR.RET.REC.21_12.07.160_2025-26
2026-04-18 13:39:29,524 - app.services.scraper_service - INFO - Saved to DB and Storage: RBI_2025-2026_40A.P. (DIR Series) Circular No. 06
2026-04-18 13:39:32,286 - app.services.scraper_service - INFO - Saved to DB and Storage: RBI_2025-2026_39FIDD.CO.GSSD.BC.No 06_09.16.003_2025-26
2026-04-18 13:39:35,196 - app.services.scraper_service - INFO - Saved to DB and Storage: RBI_2025-2026_38DoR.RET.REC.20_12.07.160_2025-26
2026-04-18 13:39:39,023 - app.services.scraper_service - INFO - Saved to DB and Storage: RBI_2025-2026_37A.P. (DIR Series) Circular No. 05
2026-04-18 13:39:43,308 - app.services.scraper_service - INFO - Saved to DB and Storage: RBI_2025-2026_36DOR.STR.REC.19_21.07.001_2025-26
2026-04-18 13:39:45,956 - app.services.scraper_service - INFO - Saved to DB and Storage: RBI_2025-2026_35FMRD.FMD.No.01_14.01.006_2025-26
2026-04-18 13:39:45,956 - app.scraper.rbi_scraper - INFO - Fetching index for 2025-06
2026-04-18 13:39:48,341 - app.services.scraper_service - INFO - Saved to DB and Storage: RBI_2025-2026_63CO.DPSS.POLC.No.S339_02-01-001_2025-2026
2026-04-18 13:39:55,557 - app.services.scraper_service - INFO - Saved to DB and Storage: RBI_2025-2026_62DoR.SOG (DEA Fund) No.37_30.01.002_2025-26
2026-04-18 13:39:58,390 - app.services.scraper_service - INFO - Saved to DB and Storage: RBI_2025-2026_61DOR.LIC.REC.36_16.13.218_2025-26
2026-04-18 13:40:01,230 - app.services.scraper_service - INFO - Saved to DB and Storage: RBI_2025-2026_60DOR.AML.REC.35_14.06.001_2025-26
2026-04-18 13:40:03,955 - app.services.scraper_service - INFO - Saved to DB and Storage: RBI_2025-2026_59DOR.STR.REC.34_21.04.048_2025-26
2026-04-18 13:40:06,499 - app.services.scraper_service - INFO - Saved to DB and Storage: RBI_2025-2026_58DOR.AML.REC.33_14.06.001_2025-26
2026-04-18 13:40:08,934 - app.services.scraper_service - INFO - Saved to DB and Storage: RBI_2025-2026_57CO.DGBA.GBD.No.S168_31-12-011_2025-2026
2026-04-18 13:40:11,688 - app.services.scraper_service - INFO - Saved to DB and Storage: RBI_2025-2026_56FIDD.CO.GSSD.BC.No.07_09.09.001_2025-26
2026-04-18 13:40:14,662 - app.services.scraper_service - INFO - Saved to DB and Storage: RBI_2025-2026_55A.P. (DIR Series) Circular No. 07
2026-04-18 13:40:17,793 - app.services.scraper_service - INFO - Saved to DB and Storage: RBI_2025-2026_54IDMD.RD.S390_10.18.060_2025-26
2026-04-18 13:40:42,275 - app.services.scraper_service - INFO - Saved to DB and Storage: RBI_2025-2026_53DOR.AML.REC.31_14.01.001_2025-26
2026-04-18 13:40:47,861 - app.services.scraper_service - INFO - Saved to DB and Storage: RBI_2025-2026_52DOR.SOG(LEG).REC_32_09.08.024_2025-26
2026-04-18 13:40:50,635 - app.services.scraper_service - INFO - Saved to DB and Storage: RBI_2025-2026_51DOR.AML.REC.30_14.01.001_2025-26
2026-04-18 13:40:56,706 - app.services.scraper_service - INFO - Saved to DB and Storage: RBI_2025-2026_50DOR.STR.REC.29_21.06.008_2025-26
2026-04-18 13:41:05,413 - app.services.scraper_service - INFO - Saved to DB and Storage: RBI_2025-2026_49DoR.CRE.REC.28_07.10.002_2025-26
2026-04-18 13:41:08,371 - app.services.scraper_service - INFO - Saved to DB and Storage: RBI_2025-2026_48DOR.CRE.REC.27_21.01.003_2025-26
2026-04-18 13:41:11,166 - app.services.scraper_service - INFO - Saved to DB and Storage: RBI_2025-2026_47DOR.CRE.REC.26_21.01.023_2025-26
2026-04-18 13:41:13,454 - app.services.scraper_service - INFO - Saved to DB and Storage: RBI_2025-2026_46DoR.RET.REC.23_12.01.001_2025-26
2026-04-18 13:41:16,732 - app.services.scraper_service - INFO - Saved to DB and Storage: RBI_2025-2026_45DoR.RET.REC.22_12.01.001_2025-26
2026-04-18 13:41:21,020 - app.services.scraper_service - INFO - Saved to DB and Storage: RBI_2025-2026_44DoR.FIN.REC.25_03.10.038_2025-26
2026-04-18 13:41:22,699 - app.services.scraper_service - INFO - Saved to DB and Storage: RBI_2025-2026_43REF.No.MPD.BC.400_07.01.279_2025-26
2026-04-18 13:41:25,837 - app.services.scraper_service - INFO - Saved to DB and Storage: RBI_2025-2026_42FMOD.MAOG.No.152_01.01.001_2025-26
2026-04-18 13:41:25,837 - app.scraper.rbi_scraper - INFO - Fetching index for 2025-07
2026-04-18 13:41:30,286 - app.services.scraper_service - INFO - Saved to DB and Storage: RBI_2025-2026_70DoR.RET.REC.42_12.07.160_2025-26
2026-04-18 13:41:32,605 - app.services.scraper_service - INFO - Saved to DB and Storage: RBI_2025-2026_69DoR.RET.REC.41_12.07.160_2025-26
2026-04-18 13:41:36,850 - app.services.scraper_service - INFO - Saved to DB and Storage: RBI_2025-2026_68FIDD.CO.LBS.BC.No.14_02.08.001_2025-26
2026-04-18 13:41:38,988 - app.services.scraper_service - INFO - Saved to DB and Storage: RBI_2025-2026_67DoR.RET.REC.40_12.07.160_2025-26
2026-04-18 13:41:42,327 - app.services.scraper_service - INFO - Saved to DB and Storage: RBI_2025-2026_66FIDD.CO.FSD.BC.No.08_05.05.010_2025-26
2026-04-18 13:41:45,787 - app.services.scraper_service - INFO - Saved to DB and Storage: RBI_2025-2026_65DOR.STR.REC.39_21.06.008_2025-26
2026-04-18 13:41:48,543 - app.services.scraper_service - INFO - Saved to DB and Storage: RBI_2025-2026_64DoR.MCS.REC.38_01.01.001_2025-26
2026-04-18 13:41:48,543 - app.scraper.rbi_scraper - INFO - Fetching index for 2025-08
2026-04-18 13:41:51,394 - app.services.scraper_service - INFO - Saved to DB and Storage: RBI_2025-2026_76DOR.AML.REC.48_14.06.001_2025-26
2026-04-18 13:41:57,005 - app.services.scraper_service - INFO - Saved to DB and Storage: RBI_2025-2026_75DOR.AML.REC.46_14.01.001_2025-26
2026-04-18 13:42:02,342 - app.services.scraper_service - INFO - Saved to DB and Storage: RBI_2025-2026_74DoR.MCS.REC.47_01.01.028_2025-26
2026-04-18 13:42:05,293 - app.services.scraper_service - INFO - Saved to DB and Storage: RBI_2025-2026_73CO.DPSS.RLPD.No.S536_04-07-001_2025-2026
2026-04-18 13:42:06,945 - app.services.scraper_service - INFO - Saved to DB and Storage: RBI_2025-2026_72A.P. (DIR Series) Circular No. 09
2026-04-18 13:42:08,638 - app.services.scraper_service - INFO - Saved to DB and Storage: RBI_2025-2026_71A.P. (DIR Series) Circular No.08
2026-04-18 13:42:08,638 - app.scraper.rbi_scraper - INFO - Fetching index for 2025-09
2026-04-18 13:42:12,832 - app.services.scraper_service - INFO - Saved to DB and Storage: RBI_2025-2026_87DOR.CAP.REC.No.55_21.01.002_2025-26
2026-04-18 13:42:14,950 - app.services.scraper_service - INFO - Saved to DB and Storage: RBI_2025-2026_86DOR.CAP.REC.No.54_21.01.002_2025-26
2026-04-18 13:42:17,341 - app.services.scraper_service - INFO - Saved to DB and Storage: RBI_2025-2026_85DOR.CAP.REC.No.53_21.01.002_2025-26
2026-04-18 13:42:19,402 - app.services.scraper_service - INFO - Saved to DB and Storage: RBI_2025-2026_84DOR.CRE.REC.52_21.01.023_2025-26
2026-04-18 13:42:27,504 - app.services.scraper_service - INFO - Saved to DB and Storage: RBI_2025-2026_83DOR.CRE.REC.51_13.03.00_2025-26
2026-04-18 13:42:36,382 - app.services.scraper_service - INFO - Saved to DB and Storage: RBI_2025-2026_82DoR.MCS.REC.50_01.01.003_2025-26
2026-04-18 13:42:38,409 - app.services.scraper_service - INFO - Saved to DB and Storage: RBI_2025-2026_81CO.DPSS.RLPD.No.S680_04-07-001_2025-2026
2026-04-18 13:42:40,422 - app.services.scraper_service - INFO - Saved to DB and Storage: RBI_2025-2026_80DOR.MRG.REC.49_00.00.011_2025-26
2026-04-18 13:42:43,444 - app.services.scraper_service - INFO - Saved to DB and Storage: RBI_2025-2026_79CO.DPSS.POLC.No.S 668_02-14-015 _2025-2026
2026-04-18 13:42:44,929 - app.services.scraper_service - INFO - Saved to DB and Storage: RBI_2025-2026_78A. P. (DIR Series) Circular No. 10
2026-04-18 13:42:46,897 - app.services.scraper_service - INFO - Saved to DB and Storage: RBI_2025-2026_77CO.DPSS.ODD.No.S604_06-08-024_2025-2026
2026-04-18 13:42:46,897 - app.scraper.rbi_scraper - INFO - Fetching index for 2025-10
2026-04-18 13:42:50,470 - app.services.scraper_service - INFO - Saved to DB and Storage: RBI_2025-2026_95DOR.MCS.REC.59_01.01.003_2025-26
2026-04-18 13:42:53,484 - app.services.scraper_service - INFO - Saved to DB and Storage: RBI_2025-2026_94DOR.AML.REC.58_14.06.001_2025-26
2026-04-18 13:42:56,715 - app.services.scraper_service - INFO - Saved to DB and Storage: RBI_2025-2026_93DOR.AML.REC.57_14.06.001_2025-26
2026-04-18 13:42:58,850 - app.services.scraper_service - INFO - Saved to DB and Storage: RBI_2025-2026_92DOR.AML.REC.56_14.06.001_2025-26
2026-04-18 13:43:01,540 - app.services.scraper_service - INFO - Saved to DB and Storage: RBI_2025-2026_91A.P. (DIR Series) Circular No. 14
2026-04-18 13:43:04,369 - app.services.scraper_service - INFO - Saved to DB and Storage: RBI_2025-2026_90A.P. (DIR Series) Circular No. 13
2026-04-18 13:43:06,885 - app.services.scraper_service - INFO - Saved to DB and Storage: RBI_2025-2026_89A.P. (DIR Series) Circular No.12
2026-04-18 13:43:08,918 - app.services.scraper_service - INFO - Saved to DB and Storage: RBI_2025-2026_88A.P. (DIR Series) Circular No. 11
2026-04-18 13:43:08,919 - app.scraper.rbi_scraper - INFO - Fetching index for 2025-11
2026-04-18 13:43:11,511 - app.services.scraper_service - INFO - Saved to DB and Storage: RBI_2025-2026_101CO.DPSS.POLC.No. S-955_02-30-010_2025-26
2026-04-18 13:43:13,301 - app.services.scraper_service - INFO - Saved to DB and Storage: RBI_2025-2026_100DOR.RRC.REC.302_33-01-010_2025-26
2026-04-18 13:43:15,718 - app.services.scraper_service - INFO - Saved to DB and Storage: RBI_2025-2026_99A.P. (DIR Series) Circular No. 16
2026-04-18 13:43:17,544 - app.services.scraper_service - INFO - Saved to DB and Storage: RBI_FED_2025-2026_98A.P. (DIR Series) Circular No. 15
2026-04-18 13:43:19,449 - app.services.scraper_service - INFO - Saved to DB and Storage: RBI_2025-2026_97DOR.AML.REC.61_14.06.001_2025-26
2026-04-18 13:43:22,079 - app.services.scraper_service - INFO - Saved to DB and Storage: RBI_2025-2026_96DOR.STR.REC.60_21.04.048_2025-26
2026-04-18 13:43:22,079 - app.scraper.rbi_scraper - INFO - Fetching index for 2025-12
2026-04-18 13:43:25,293 - app.services.scraper_service - INFO - Saved to DB and Storage: RBI_2025-2026_166DOR.AML.REC.370_14.01.002_2025-26
2026-04-18 13:43:27,825 - app.services.scraper_service - INFO - Saved to DB and Storage: RBI_2025-2026_165DOR.AML.REC.369_14.01.006_2025-26
2026-04-18 13:43:29,780 - app.services.scraper_service - INFO - Saved to DB and Storage: RBI_2025-2026_164DOR.AML.REC.368_14.01.007_2025-26
2026-04-18 13:43:32,957 - app.services.scraper_service - INFO - Saved to DB and Storage: RBI_2025-2026_163DOR.AML.REC.367_14.01.005_2025-26
2026-04-18 13:43:35,629 - app.services.scraper_service - INFO - Saved to DB and Storage: RBI_2025-2026_162DOR.AML.REC.366_14.01.004_2025-26
2026-04-18 13:43:43,292 - app.services.scraper_service - INFO - Saved to DB and Storage: RBI_2025-2026_161DOR.AML.REC.365_14.01.009_2025-26
2026-04-18 13:43:46,382 - app.services.scraper_service - INFO - Saved to DB and Storage: RBI_2025-2026_160DOR.AML.REC.364_14.01.003_2025-26
2026-04-18 13:43:49,139 - app.services.scraper_service - INFO - Saved to DB and Storage: RBI_2025-2026_159DOR.AML.REC.363_14.01.008_2025-26
2026-04-18 13:43:51,517 - app.services.scraper_service - INFO - Saved to DB and Storage: RBI_2025-2026_158DOR.AML.REC.362_14.01.010_2025-26
2026-04-18 13:43:53,415 - app.services.scraper_service - INFO - Saved to DB and Storage: RBI_2025-2026_157DOR.AML.REC.361_14.01.011_2025-26
2026-04-18 13:43:55,558 - app.services.scraper_service - INFO - Saved to DB and Storage: RBI_2025-2026_156CO.DPSS.RLPD.No.S1039_04-07-001_2025-2026
2026-04-18 13:43:58,601 - app.services.scraper_service - INFO - Saved to DB and Storage: RBI_2025-2026_155FIDD.CO.LBS.BC.No.09_02.08.001_2025-26
2026-04-18 13:43:59,501 - app.services.scraper_service - WARNING - Failed to download PDF: RBI_2025-2026_154DOR.RET.REC.360_12.01.001_2025-26
2026-04-18 13:44:01,730 - app.services.scraper_service - INFO - Saved to DB and Storage: RBI_2025-2026_153DOR.RET.REC.359_12.01.001_2025-26
2026-04-18 13:44:03,839 - app.services.scraper_service - INFO - Saved to DB and Storage: RBI_2025-2026_152DOR.RET.REC.358_12.01.001_2025-26
2026-04-18 13:44:06,041 - app.services.scraper_service - INFO - Saved to DB and Storage: RBI_2025-2026_151DOR.RET.REC.357_12.01.001_2025-26
2026-04-18 13:44:08,511 - app.services.scraper_service - INFO - Saved to DB and Storage: RBI_2025-2026_150DOR.RET.REC.356_12.01.001_2025-26
2026-04-18 13:44:10,549 - app.services.scraper_service - INFO - Saved to DB and Storage: RBI_2025-2026_149DOR.RET.REC.355_12.01.001_2025-26
2026-04-18 13:44:12,790 - app.services.scraper_service - INFO - Saved to DB and Storage: RBI_2025-2026_148DOR.RET.REC.354_12.01.001_2025-26
2026-04-18 13:44:15,614 - app.services.scraper_service - INFO - Saved to DB and Storage: RBI_2025-2026_147DOR.CRE.REC.353_07-02-006_2025-26
2026-04-18 13:44:17,918 - app.services.scraper_service - INFO - Saved to DB and Storage: RBI_2025-2026_146DOR.CRE.REC.352_07-02-005_2025-26
2026-04-18 13:44:18,907 - app.services.scraper_service - WARNING - Failed to download PDF: RBI_2025-2026_145DOR.CRE.REC.351_07-02-004_2025-26
2026-04-18 13:44:21,056 - app.services.scraper_service - INFO - Saved to DB and Storage: RBI_2025-2026_144DOR.CRE.REC.350_07-02-003_2025-26
2026-04-18 13:44:22,026 - app.services.scraper_service - WARNING - Failed to download PDF: RBI_2025-2026_143DOR.SOG(SPE).REC.349_13-04-001_2025-26
2026-04-18 13:44:23,045 - app.services.scraper_service - WARNING - Failed to download PDF: RBI_2025-2026_142DOR.CRE.REC.348_07-02-002_2025-26
2026-04-18 13:44:25,025 - app.services.scraper_service - INFO - Saved to DB and Storage: RBI_2025-2026_141DOR.CRE.REC.347_07-02-001_2025-26
2026-04-18 13:44:25,896 - app.services.scraper_service - WARNING - Failed to download PDF: RBI_2025-2026_140A.P. (DIR Series) Circular No.18
2026-04-18 13:44:27,491 - app.services.scraper_service - INFO - Saved to DB and Storage: RBI_DOR_2025-2026_139DOR.RAUG.AUT.REC.No.344_24.01.041_2025-26
2026-04-18 13:44:29,905 - app.services.scraper_service - INFO - Saved to DB and Storage: RBI_DOR_2025-2026_138DOR.RAUG.AUT.REC.No.343_24.01.041_2025-26
2026-04-18 13:44:31,617 - app.services.scraper_service - INFO - Saved to DB and Storage: RBI_DOR_2025-2026_137DOR.RAUG.AUT.REC.No.345_24.01.041_2025-26
2026-04-18 13:44:33,117 - app.services.scraper_service - INFO - Saved to DB and Storage: RBI_DOR_2025-2026_136DOR.RAUG.AUT.REC.No.346_24.01.041_2025-26
2026-04-18 13:44:35,206 - app.services.scraper_service - INFO - Saved to DB and Storage: RBI_DOR_2025-2026_135DOR.RAUG.AUT.REC.No.342_24.01.041_2025-26
2026-04-18 13:44:36,720 - app.services.scraper_service - INFO - Saved to DB and Storage: RBI_2025-2026_134DoR.RET.REC.341_12.01.001_2025-26
2026-04-18 13:44:38,956 - app.services.scraper_service - INFO - Saved to DB and Storage: RBI_2025-2026_133REF.No.MPD.BC.401_07.01.279_2025-26
2026-04-18 13:44:41,221 - app.services.scraper_service - INFO - Saved to DB and Storage: RBI_2025-2026_132FMOD.MAOG.No.153_01.01.001_2025-26
2026-04-18 13:44:44,132 - app.services.scraper_service - INFO - Saved to DB and Storage: RBI_2025-2026_131DOR.CRE.REC.339_21-01-002_2025-26
2026-04-18 13:44:47,496 - app.services.scraper_service - INFO - Saved to DB and Storage: RBI_2025-2026_130DOR.CRE.REC.335_21-01-002_2025-26
2026-04-18 13:44:49,604 - app.services.scraper_service - INFO - Saved to DB and Storage: RBI_2025-2026_129DOR.STR.REC.340_21-04-048_2025-26
2026-04-18 13:44:53,256 - app.services.scraper_service - INFO - Saved to DB and Storage: RBI_2025-2026_128DOR.STR.REC.336_21-04-048_2025-26
2026-04-18 13:44:57,496 - app.services.scraper_service - INFO - Saved to DB and Storage: RBI_2025-2026_127DOR.CRE.REC.337_07-03-002_2025-26
2026-04-18 13:45:01,411 - app.services.scraper_service - INFO - Saved to DB and Storage: RBI_2025-2026_126DOR.CRE.REC.333_07-03-001_2025-26
2026-04-18 13:45:04,934 - app.services.scraper_service - INFO - Saved to DB and Storage: RBI_2025-2026_125DOR.CRE.REC.338_07-01-002_2025-26
2026-04-18 13:45:08,722 - app.services.scraper_service - INFO - Saved to DB and Storage: RBI_2025-2026_124DOR.CRE.REC.334_07-01-001_2025-26
2026-04-18 13:45:10,841 - app.services.scraper_service - INFO - Saved to DB and Storage: RBI_DOR_2025-2026_123DOR.SOG(SPE).REC.No.332_13-04-001_2025-26
2026-04-18 13:45:12,240 - app.services.scraper_service - INFO - Saved to DB and Storage: RBI_DOR_2025-2026_122DOR.LIC.REC.No.328_07-01-000_2025-26
2026-04-18 13:45:13,898 - app.services.scraper_service - INFO - Saved to DB and Storage: RBI_DOR_2025-2026_121DOR.LIC.REC.No.327_07-01-000_2025-26
2026-04-18 13:45:15,458 - app.services.scraper_service - INFO - Saved to DB and Storage: RBI_DOR_2025-2026_120
2026-04-18 13:45:17,527 - app.services.scraper_service - INFO - Saved to DB and Storage: RBI_DOR_2025-2026_119DoR.FIN.REC.No.326_20.16.056_2025-26
2026-04-18 13:45:21,014 - app.services.scraper_service - INFO - Saved to DB and Storage: RBI_DOR_2025-2026_118DOR.FIN.REC.No. 325_20.16.056_2025-26
2026-04-18 13:45:22,902 - app.services.scraper_service - INFO - Saved to DB and Storage: RBI_DOR_2025-2026_117DOR.FIN.REC.No. 324_20.16.056_2025-26
2026-04-18 13:45:25,512 - app.services.scraper_service - INFO - Saved to DB and Storage: RBI_DOR_2025-2026_116DOR.FIN.REC.No.323_20.16.056_2025-26
2026-04-18 13:45:28,361 - app.services.scraper_service - INFO - Saved to DB and Storage: RBI_DOR_2025-2026_115DOR.FIN.REC.No. 322_20.16.056_2025-26
2026-04-18 13:45:30,691 - app.services.scraper_service - INFO - Saved to DB and Storage: RBI_DOR_2025-2026_114DoR.FIN.REC.No.321_20.16.056_2025-26
2026-04-18 13:45:33,454 - app.services.scraper_service - INFO - Saved to DB and Storage: RBI_DOR_2025-2026_113DOR.FIN.REC.No.320_20.16.056_2025-26
2026-04-18 13:45:35,729 - app.services.scraper_service - INFO - Saved to DB and Storage: RBI_DOR_2025-2026_112DOR.FIN.REC.No.319_20.16.056_2025-26
2026-04-18 13:45:37,444 - app.services.scraper_service - INFO - Saved to DB and Storage: RBI_DOR_2025-2026_111DOR.FIN.REC.No. 318_20.16.056_2025-26
2026-04-18 13:45:39,272 - app.services.scraper_service - INFO - Saved to DB and Storage: RBI_DOR_2025-2026_110DOR.FIN.REC.No.317_20.16.056_2025-26
2026-04-18 13:45:40,795 - app.services.scraper_service - INFO - Saved to DB and Storage: RBI_2025-2026_109DOR.MCS.REC.No.316_01-01-038_2025-26
2026-04-18 13:45:42,332 - app.services.scraper_service - INFO - Saved to DB and Storage: RBI_2025-2026_108DOR.MCS.REC.No.315_01-01-037_2025-26
2026-04-18 13:45:44,139 - app.services.scraper_service - INFO - Saved to DB and Storage: RBI_2025-2026_107DOR.MCS.REC.No.314_01-01-036_2025-26
2026-04-18 13:45:45,741 - app.services.scraper_service - INFO - Saved to DB and Storage: RBI_2025-2026_106DOR.MCS.REC.No.313_01-01-035_2025-26
2026-04-18 13:45:47,475 - app.services.scraper_service - INFO - Saved to DB and Storage: RBI_2025-2026_105DOR.MCS.REC.No.312_01-01-034_2025-26
2026-04-18 13:45:49,872 - app.services.scraper_service - INFO - Saved to DB and Storage: RBI_2025-2026_104DOR.MCS.REC.No.311_01-01-033_2025-26
2026-04-18 13:45:52,067 - app.services.scraper_service - INFO - Saved to DB and Storage: RBI_2025-2026_103DOR.MCS.REC.No.310_01-01-032_2025-26
2026-04-18 13:45:53,495 - app.services.scraper_service - INFO - Saved to DB and Storage: RBI_2025-2026_102A.P. (DIR Series) Circular No.17
2026-04-18 13:45:53,496 - app.scraper.rbi_scraper - INFO - Fetching index for 2026-01
2026-04-18 13:45:56,516 - app.services.scraper_service - INFO - Saved to DB and Storage: RBI_2025-2026_203DOR.RET.REC.400_12.01.001_2025-26
2026-04-18 13:45:58,217 - app.services.scraper_service - INFO - Saved to DB and Storage: RBI_2025-2026_202DOR.RET.REC.399_12.01.001_2025-26
2026-04-18 13:46:02,274 - app.services.scraper_service - INFO - Saved to DB and Storage: RBI_2025-2026_201DOR.RET.REC.398_12.01.001_2025-26
2026-04-18 13:46:06,347 - app.services.scraper_service - INFO - Saved to DB and Storage: RBI_2025-2026_200DOR.RET.REC.397_12.01.001_2025-26
2026-04-18 13:46:08,639 - app.services.scraper_service - INFO - Saved to DB and Storage: RBI_2025-2026_199DOR.RET.REC.396_12.01.001_2025-26
2026-04-18 13:46:10,605 - app.services.scraper_service - INFO - Saved to DB and Storage: RBI_2025-2026_198DOR.RET.REC.395_12.01.001_2025-26
2026-04-18 13:46:12,486 - app.services.scraper_service - INFO - Saved to DB and Storage: RBI_2025-2026_197DOR.RET.REC.394_12.01.001_2025-26
2026-04-18 13:46:13,756 - app.services.scraper_service - INFO - Saved to DB and Storage: RBI_2025-2026_195DOR.STR.REC.393_04.02.001_2025-26
2026-04-18 13:46:15,843 - app.services.scraper_service - INFO - Saved to DB and Storage: RBI_FIDD_2025-26_196FIDD.CO.PSD.BC.No.11_04.09.001_2025-26
2026-04-18 13:46:21,136 - app.services.scraper_service - INFO - Saved to DB and Storage: RBI_2025-2026_194A.P. (DIR Series) Circular No. 20
2026-04-18 13:46:26,113 - app.services.scraper_service - INFO - Saved to DB and Storage: RBI_2025-2026_193FIDD.CO.FSD.BC.No.10_05.02.001_2025-26
2026-04-18 13:46:29,046 - app.services.scraper_service - INFO - Saved to DB and Storage: RBI_2025-2026_192A.P. (DIR Series) Circular No. 19
2026-04-18 13:46:32,655 - app.services.scraper_service - INFO - Saved to DB and Storage: RBI_2025-2026_191DOR.STR.REC.392_21-01-002_2025-26
2026-04-18 13:46:36,338 - app.services.scraper_service - INFO - Saved to DB and Storage: RBI_2025-2026_190DOR.STR.REC.391_21-01-002_2025-26
2026-04-18 13:46:39,677 - app.services.scraper_service - INFO - Saved to DB and Storage: RBI_2025-2026_189DOR.STR.REC.390_21-01-002_2025-26
2026-04-18 13:46:41,625 - app.services.scraper_service - INFO - Saved to DB and Storage: RBI_2025-2026_188DOR.CRE.REC.389_21.04.018_2025-26
2026-04-18 13:46:43,404 - app.services.scraper_service - INFO - Saved to DB and Storage: RBI_2025-2026_187DOR.CRE.REC.388_21.04.018_2025-26
2026-04-18 13:46:45,304 - app.services.scraper_service - INFO - Saved to DB and Storage: RBI_2025-2026_186DOR.CRE.REC.387_21-04-018_2025-26
2026-04-18 13:46:47,294 - app.services.scraper_service - INFO - Saved to DB and Storage: RBI_2025-2026_185DOR.CRE.REC.386_21-04-018_2025-26
2026-04-18 13:46:49,683 - app.services.scraper_service - INFO - Saved to DB and Storage: RBI_2025-2026_184DOR.CRE.REC.384_21-04-018_2025-26
2026-04-18 13:46:51,902 - app.services.scraper_service - INFO - Saved to DB and Storage: RBI_2025-2026_183DOR.CRE.REC.385_21-04-018_2025-26
2026-04-18 13:46:54,190 - app.services.scraper_service - INFO - Saved to DB and Storage: RBI_2025-2026_182DOR.CRE.REC.383_21.04.018_2025-26
2026-04-18 13:46:55,936 - app.services.scraper_service - INFO - Saved to DB and Storage: RBI_2025-2026_181DOR.CRE.REC.382_21.04.018_2025-26
2026-04-18 13:46:58,513 - app.services.scraper_service - INFO - Saved to DB and Storage: RBI_2025-2026_180DOR.CRE.REC.381_07-02-007_2025-26
2026-04-18 13:47:00,597 - app.services.scraper_service - INFO - Saved to DB and Storage: RBI_2025-2026_179DOR.CRE.REC.380_07-02-008_2025-26
2026-04-18 13:47:03,251 - app.services.scraper_service - INFO - Saved to DB and Storage: RBI_2025-2026_178DOR.CRE.REC.379_07-02-006_2025-26
2026-04-18 13:47:05,511 - app.services.scraper_service - INFO - Saved to DB and Storage: RBI_2025-2026_177DOR.CRE.REC.378_07-02-005_2025-26
2026-04-18 13:47:07,734 - app.services.scraper_service - INFO - Saved to DB and Storage: RBI_2025-2026_176DOR.CRE.REC.376_07-02-004_2025-26
2026-04-18 13:47:09,938 - app.services.scraper_service - INFO - Saved to DB and Storage: RBI_2025-2026_175DOR.CRE.REC.377_07-02-003_2025-26
2026-04-18 13:47:12,270 - app.services.scraper_service - INFO - Saved to DB and Storage: RBI_2025-2026_174DOR.CRE.REC.375_07-02-002_2025-26
2026-04-18 13:47:14,525 - app.services.scraper_service - INFO - Saved to DB and Storage: RBI_2025-2026_173DOR.CRE.REC.374_07-02-001_2025-26
2026-04-18 13:47:16,413 - app.services.scraper_service - INFO - Saved to DB and Storage: RBI_2025-2026_172CO.DPSS.ODD.No.S1074_06-08-024_2025-2026
2026-04-18 13:47:18,358 - app.services.scraper_service - INFO - Saved to DB and Storage: RBI_2025-2026_171CO.DPSS.ODD.No.S1073_06-08-024_2025-2026
2026-04-18 13:47:20,301 - app.services.scraper_service - INFO - Saved to DB and Storage: RBI_2025-2026_170CO.DPSS.ODD.No.S1072_06-08-024_2025-2026
2026-04-18 13:47:23,628 - app.services.scraper_service - INFO - Saved to DB and Storage: RBI_2025-2026_169DOR.CRE.REC.372_07-03-008_2025-26
2026-04-18 13:47:26,233 - app.services.scraper_service - INFO - Saved to DB and Storage: RBI_2025-2026_168DOR.CRE.REC.373_21-01-002_2025-26
2026-04-18 13:47:28,613 - app.services.scraper_service - INFO - Saved to DB and Storage: RBI_2025-2026_167DOR.CRE.REC.371_21.04.018_2025-26
2026-04-18 13:47:28,613 - app.scraper.rbi_scraper - INFO - Fetching index for 2026-02
2026-04-18 13:47:31,334 - app.services.scraper_service - INFO - Saved to DB and Storage: RBI_DoR_2025-2026_224DoR.GOV.REC.No.414_18.10.008_2025-26
2026-04-18 13:47:33,470 - app.services.scraper_service - INFO - Saved to DB and Storage: RBI_2025-2026_223A.P. (DIR Series) Circular No. 23
2026-04-18 13:47:34,969 - app.services.scraper_service - INFO - Saved to DB and Storage: RBI_2025-2026_222CO.FMRD.MIOD.No.8_11.01.057_2025-26
2026-04-18 13:47:36,845 - app.services.scraper_service - INFO - Saved to DB and Storage: RBI_2025-2026_221A.P. (DIR Series) Circular No. 22
2026-04-18 13:47:38,997 - app.services.scraper_service - INFO - Saved to DB and Storage: RBI_2025-2026_220FIDD.CO.LBS.BC.No.13_02.08.001_2025-26
2026-04-18 13:47:45,598 - app.services.scraper_service - INFO - Saved to DB and Storage: RBI_2025-2026_219DOR.CRE.REC.410_21.04.018_2025-26
2026-04-18 13:47:54,156 - app.services.scraper_service - INFO - Saved to DB and Storage: RBI_2025-2026_218DOR.CRE.REC.409_21-01-002_2025-26
2026-04-18 13:47:59,720 - app.services.scraper_service - INFO - Saved to DB and Storage: RBI_2025-2026_217DOR.CRE.REC.408_07-03-002_2025-26
2026-04-18 13:48:06,319 - app.services.scraper_service - INFO - Saved to DB and Storage: RBI_2025-2026_216DOR.CRE.REC.407_07-01-002_2025-26
2026-04-18 13:48:10,084 - app.services.scraper_service - INFO - Saved to DB and Storage: RBI_2025-2026_215DOR.CRE.REC.406_24-01-041_2025-26
2026-04-18 13:48:15,357 - app.services.scraper_service - INFO - Saved to DB and Storage: RBI_2025-2026_214DOR.CRE.REC.405_21.04.018_2025-26
2026-04-18 13:48:19,412 - app.services.scraper_service - INFO - Saved to DB and Storage: RBI_2025-2026_213DOR.CRE.REC.404_21-01-002_2025-26
2026-04-18 13:48:28,091 - app.services.scraper_service - INFO - Saved to DB and Storage: RBI_2025-2026_212DOR.CRE.REC.403_07-03-001_2025-26
2026-04-18 13:48:37,862 - app.services.scraper_service - INFO - Saved to DB and Storage: RBI_2025-2026_211DOR.CRE.REC.402_07-01-001_2025-26
2026-04-18 13:48:41,088 - app.services.scraper_service - INFO - Saved to DB and Storage: RBI_2025-2026_210DOR.STR.REC.413_21-07-001_2025-26
2026-04-18 13:48:43,865 - app.services.scraper_service - INFO - Saved to DB and Storage: RBI_2025-2026_209DOR.STR.REC.412_21-07-001_2025-26
2026-04-18 13:48:47,633 - app.services.scraper_service - INFO - Saved to DB and Storage: RBI_2025-2026_208DOR.STR.REC.411_21-04-048_2025-26
2026-04-18 13:48:49,871 - app.services.scraper_service - INFO - Saved to DB and Storage: RBI_2025-2026_207CO.CEPD.PRS.No.S1121_13-01-008_2025-2026
2026-04-18 13:48:51,445 - app.services.scraper_service - INFO - Saved to DB and Storage: RBI_2025-2026_206FIDD.MSME & NFS.BC.No.12_06.02.31_2025-26
2026-04-18 13:48:54,076 - app.services.scraper_service - INFO - Saved to DB and Storage: RBI_2025-2026_205A.P. (DIR Series) Circular No. 21
2026-04-18 13:48:55,827 - app.services.scraper_service - INFO - Saved to DB and Storage: RBI_2025-2026_204DoR.CO.SOG(Leg) No.401_09.08.024_2025-26
2026-04-18 13:48:55,827 - app.scraper.rbi_scraper - INFO - Fetching index for 2026-03
2026-04-18 13:48:59,198 - app.services.scraper_service - INFO - Saved to DB and Storage: RBI_2025-2026_264FIDD.CO.LBS.BC.No.14_02.08.001_2025-26
2026-04-18 13:49:00,640 - app.services.scraper_service - INFO - Saved to DB and Storage: RBI_2025-2026_263DOR.STR.REC.No.455_21.04.048_2025-26
2026-04-18 13:49:02,928 - app.services.scraper_service - INFO - Saved to DB and Storage: RBI_2025-2026_262DOR.CRE.REC.454_21.04.018_2025-26
2026-04-18 13:49:05,948 - app.services.scraper_service - INFO - Saved to DB and Storage: RBI_2025-2026_261DOR.CRE.REC.453_21-01-002_2025-26
2026-04-18 13:49:08,819 - app.services.scraper_service - INFO - Saved to DB and Storage: RBI_2025-2026_260DOR.CRE.REC.452_07-03-002_2025-26
2026-04-18 13:49:12,608 - app.services.scraper_service - INFO - Saved to DB and Storage: RBI_2025-2026_259DOR.CRE.REC.451_07-01-002_2025-26
2026-04-18 13:49:15,016 - app.services.scraper_service - INFO - Saved to DB and Storage: RBI_2025-2026_258DOR.CRE.REC.450_24-01-041_2025-26
2026-04-18 13:49:17,140 - app.services.scraper_service - INFO - Saved to DB and Storage: RBI_2025-2026_257DOR.CRE.REC.449_21.04.018_2025-26
2026-04-18 13:49:24,111 - app.services.scraper_service - INFO - Saved to DB and Storage: RBI_2025-2026_256DOR.CRE.REC.448_21-01-002_2025-26
2026-04-18 13:49:28,003 - app.services.scraper_service - INFO - Saved to DB and Storage: RBI_2025-2026_255DOR.CRE.REC.447_07-03-001_2025-26
2026-04-18 13:49:32,122 - app.services.scraper_service - INFO - Saved to DB and Storage: RBI_2025-2026_254DOR.CRE.REC.446 _07-01-001_2025-26
2026-04-18 13:49:35,399 - app.services.scraper_service - INFO - Saved to DB and Storage: RBI_2025-2026_253A.P. (DIR Series) Circular No. 25
2026-04-18 13:49:38,799 - app.services.scraper_service - INFO - Saved to DB and Storage: RBI_2025-2026_252A.P. (DIR Series) Circular No. 24
2026-04-18 13:49:41,580 - app.services.scraper_service - INFO - Saved to DB and Storage: RBI_2025-2026_251DOR.AML.REC.445_14.06.001_2025-26
2026-04-18 13:49:43,451 - app.services.scraper_service - INFO - Saved to DB and Storage: RBI_2025-2026_250DCM(CC)No.S4781_03.51.01_2025-26
2026-04-18 13:49:45,243 - app.services.scraper_service - INFO - Saved to DB and Storage: RBI_DOR_2025-2026_249DOR.ACC.REC.No.444_21.04.018_2025-26
2026-04-18 13:49:46,816 - app.services.scraper_service - INFO - Saved to DB and Storage: RBI_DOR_2025-2026_248DOR.ACC.REC.No.443_21.04.018_2025-26
2026-04-18 13:49:48,535 - app.services.scraper_service - INFO - Saved to DB and Storage: RBI_DOR_2025-2026_247DOR.ACC.REC.No.442_21.04.018_2025-26
2026-04-18 13:49:50,714 - app.services.scraper_service - INFO - Saved to DB and Storage: RBI_DOR_2025-2026_246DOR.ACC.REC.No.441_21.04.018_2025-26
2026-04-18 13:49:53,279 - app.services.scraper_service - INFO - Saved to DB and Storage: RBI_DOR_2025-2026_245DOR.ACC.REC.No.440_21.04.018_2025-26
2026-04-18 13:49:55,097 - app.services.scraper_service - INFO - Saved to DB and Storage: RBI_DOR_2025-2026_244DOR.ACC.REC.No.439_21.04.018_2025-26
2026-04-18 13:49:57,162 - app.services.scraper_service - INFO - Saved to DB and Storage: RBI_DOR_2025-2026_243DOR.ACC.REC.No.438_21.04.018_2025-26
2026-04-18 13:49:59,183 - app.services.scraper_service - INFO - Saved to DB and Storage: RBI_2025-2026_242DOR.AML.REC.437_14.06.001_2025-26
2026-04-18 13:50:01,026 - app.services.scraper_service - INFO - Saved to DB and Storage: RBI_2025-2026_241DOR.MRG.REC.No.436_21-01-002_2025-26
2026-04-18 13:50:03,712 - app.services.scraper_service - INFO - Saved to DB and Storage: RBI_2025-2026_240DOR.MRG.REC.No.435_21-01-002_2025-26
2026-04-18 13:50:06,092 - app.services.scraper_service - INFO - Saved to DB and Storage: RBI_2025-2026_239DOR.MRG.REC.No.434_21-01-002_2025-26
2026-04-18 13:50:08,421 - app.services.scraper_service - INFO - Saved to DB and Storage: RBI_2025-2026_238DOR.MRG.REC.No.433_21-01-002_2025-26
2026-04-18 13:50:10,017 - app.services.scraper_service - INFO - Saved to DB and Storage: RBI_DOR_2025-2026_237DOR.ACC.REC.No.426_21.02.067_2025-26
2026-04-18 13:50:11,511 - app.services.scraper_service - INFO - Saved to DB and Storage: RBI_DOR_2025-2026_236DOR.ACC.REC.No.425_21.02.067_2025-26
2026-04-18 13:50:13,329 - app.services.scraper_service - INFO - Saved to DB and Storage: RBI_DOR_2025-2026_235DOR.ACC.REC.No.424_21.02.067_2025-26
2026-04-18 13:50:15,267 - app.services.scraper_service - INFO - Saved to DB and Storage: RBI_DOR_2025-2026_234DOR.ACC.REC.No.423_21.02.067_2025-26
2026-04-18 13:50:17,131 - app.services.scraper_service - INFO - Saved to DB and Storage: RBI_DOR_2025-2026_233DOR.ACC.REC.No.432_21.02.067_2025-26
2026-04-18 13:50:18,724 - app.services.scraper_service - INFO - Saved to DB and Storage: RBI_2025-2026_232DOR.CAP.REC.No.422_21.01.002_2025-26
2026-04-18 13:50:20,508 - app.services.scraper_service - INFO - Saved to DB and Storage: RBI_2025-2026_231DOR.CAP.REC.No.421_21.01.002_2025-26
2026-04-18 13:50:22,397 - app.services.scraper_service - INFO - Saved to DB and Storage: RBI_2025-2026_230DOR.CAP.REC.No.420_21.01.002_2025-26
2026-04-18 13:50:24,448 - app.services.scraper_service - INFO - Saved to DB and Storage: RBI_2025-2026_229DOR.CAP.REC.No.419_21.01.002_2025-26
2026-04-18 13:50:26,129 - app.services.scraper_service - INFO - Saved to DB and Storage: RBI_2025-2026_228DOR.CAP.REC.No.418_21.01.002_2025-26
2026-04-18 13:50:28,193 - app.services.scraper_service - INFO - Saved to DB and Storage: RBI_2025-2026_227DOR.CAP.REC.No.417_21.01.002_2025-26
2026-04-18 13:50:30,659 - app.services.scraper_service - INFO - Saved to DB and Storage: RBI_2025-2026_226DOR.CAP.REC.No.416_21.01.002_2025-26
2026-04-18 13:50:33,157 - app.services.scraper_service - INFO - Saved to DB and Storage: RBI_2025-2026_225DOR.AML.REC.415_14.06.001_2025-26
2026-04-18 13:50:33,158 - app.scraper.rbi_scraper - INFO - Fetching index for 2026-04
2026-04-18 13:50:36,608 - app.services.scraper_service - INFO - Saved to DB and Storage: RBI_2026-2027_13DOR.AML.REC.4_14.06.001_2026-27
2026-04-18 13:50:39,079 - app.services.scraper_service - INFO - Saved to DB and Storage: RBI_2026-2027_12DOR.AML.REC.2_14.06.001_2026-27
2026-04-18 13:50:41,906 - app.services.scraper_service - INFO - Saved to DB and Storage: RBI_2026-2027_11DOR.RAUG.REC.No.3_23-27-013_2026-27
2026-04-18 13:50:45,609 - app.services.scraper_service - INFO - Saved to DB and Storage: RBI_2026-2027_10A.P. (DIR Series) Circular No. 06
2026-04-18 13:50:48,717 - app.services.scraper_service - INFO - Saved to DB and Storage: RBI_2026-2027_09FIDD.CO.LBS.BC.No.01_02.08.001_2026-27
2026-04-18 13:50:50,688 - app.services.scraper_service - INFO - Saved to DB and Storage: RBI_2026-2027_08CO.DPSS.ID.No.S20_06-08-017_2026-2027
2026-04-18 13:50:54,004 - app.services.scraper_service - INFO - Saved to DB and Storage: RBI_2026-2027_07A.P. (DIR Series) Circular No. 05
2026-04-18 13:50:55,823 - app.services.scraper_service - INFO - Saved to DB and Storage: RBI_2026-2027_06IDMD.RETL.No.S23_13.01.300_2026-27
2026-04-18 13:50:57,737 - app.services.scraper_service - INFO - Saved to DB and Storage: RBI_2026-2027_05A.P. (DIR Series) Circular No. 04
2026-04-18 13:50:59,747 - app.services.scraper_service - INFO - Saved to DB and Storage: RBI_2026-2027_04A.P. (DIR Series) Circular No. 03
2026-04-18 13:51:01,846 - app.services.scraper_service - INFO - Saved to DB and Storage: RBI_2026-2027_03A.P. (DIR Series) Circular No. 02
2026-04-18 13:51:04,375 - app.services.scraper_service - INFO - Saved to DB and Storage: RBI_2026-2027_02A.P. (DIR Series) Circular No. 01
2026-04-18 13:51:06,574 - app.services.scraper_service - INFO - Saved to DB and Storage: RBI_2026-2027_01DOR.AML.REC.456_14.06.001_2026-27
2026-04-18 13:51:06,578 - app.services.scraper_service - INFO - RBI Scraper Sync task completed.
2026-04-18 14:51:43,727 - app.scraper.downloader - ERROR - Google Drive authentication failed: ('invalid_grant: Token has been expired or revoked.', {'error': 'invalid_grant', 'error_description': 'Token has been expired or revoked.'})
2026-04-18 14:51:48,515 - app.scraper.downloader - ERROR - Google Drive authentication failed: ('invalid_grant: Token has been expired or revoked.', {'error': 'invalid_grant', 'error_description': 'Token has been expired or revoked.'})
2026-04-20 14:53:24,026 - app.scraper.downloader - ERROR - Google Drive authentication failed: ('invalid_grant: Token has been expired or revoked.', {'error': 'invalid_grant', 'error_description': 'Token has been expired or revoked.'})
2026-04-20 14:53:32,316 - app.scraper.downloader - ERROR - Google Drive authentication failed: ('invalid_grant: Token has been expired or revoked.', {'error': 'invalid_grant', 'error_description': 'Token has been expired or revoked.'})
2026-04-20 15:02:31,399 - app.scraper.downloader - ERROR - Google Drive authentication failed: ('invalid_grant: Token has been expired or revoked.', {'error': 'invalid_grant', 'error_description': 'Token has been expired or revoked.'})
